mode: set
github.com/techatikin/backend/main.go:24.13,54.2 10 0
github.com/techatikin/backend/config/database.go:20.26,22.16 2 0
github.com/techatikin/backend/config/database.go:22.16,24.3 1 0
github.com/techatikin/backend/config/database.go:26.2,27.15 2 0
github.com/techatikin/backend/config/database.go:27.15,29.3 1 0
github.com/techatikin/backend/config/database.go:31.2,32.16 2 0
github.com/techatikin/backend/config/database.go:32.16,34.3 1 0
github.com/techatikin/backend/config/database.go:36.2,37.16 2 0
github.com/techatikin/backend/config/database.go:37.16,39.3 1 0
github.com/techatikin/backend/config/database.go:40.2,44.71 4 0
github.com/techatikin/backend/config/database.go:44.71,46.3 1 0
github.com/techatikin/backend/config/database.go:48.2,49.61 2 0
github.com/techatikin/backend/config/logger.go:18.24,22.16 3 0
github.com/techatikin/backend/config/logger.go:22.16,25.3 2 0
github.com/techatikin/backend/config/logger.go:27.2,28.16 2 0
github.com/techatikin/backend/config/logger.go:28.16,30.3 1 0
github.com/techatikin/backend/config/logger.go:32.2,34.29 2 0
github.com/techatikin/backend/config/logger.go:34.29,35.19 1 0
github.com/techatikin/backend/config/logger.go:35.19,36.12 1 0
github.com/techatikin/backend/config/logger.go:40.3,41.17 2 0
github.com/techatikin/backend/config/logger.go:41.17,42.12 1 0
github.com/techatikin/backend/config/logger.go:45.3,45.34 1 0
github.com/techatikin/backend/config/logger.go:45.34,47.46 2 0
github.com/techatikin/backend/config/logger.go:47.46,49.5 1 0
github.com/techatikin/backend/config/logger.go:49.10,51.5 1 0
github.com/techatikin/backend/config/logger.go:56.37,58.50 2 0
github.com/techatikin/backend/config/logger.go:58.50,60.3 1 0
github.com/techatikin/backend/config/logger.go:63.2,66.39 3 0
github.com/techatikin/backend/config/logger.go:66.39,70.3 3 0
github.com/techatikin/backend/config/logger.go:70.8,72.3 1 0
github.com/techatikin/backend/config/logger.go:74.2,74.70 1 0
github.com/techatikin/backend/config/logger.go:77.34,79.16 2 0
github.com/techatikin/backend/config/logger.go:79.16,81.3 1 0
github.com/techatikin/backend/config/logger.go:83.2,88.46 1 0
github.com/techatikin/backend/config/logger.go:88.46,89.40 1 0
github.com/techatikin/backend/config/logger.go:89.40,93.5 3 0
github.com/techatikin/backend/config/url.go:10.42,12.16 2 0
github.com/techatikin/backend/config/url.go:12.16,14.3 1 0
github.com/techatikin/backend/config/url.go:16.2,17.18 2 0
github.com/techatikin/backend/config/url.go:17.18,19.3 1 0
github.com/techatikin/backend/config/url.go:21.2,21.20 1 0
github.com/techatikin/backend/controller/book.controller.go:27.68,29.2 1 0
github.com/techatikin/backend/controller/book.controller.go:48.57,61.16 3 0
github.com/techatikin/backend/controller/book.controller.go:61.16,63.3 1 0
github.com/techatikin/backend/controller/book.controller.go:65.2,66.48 2 0
github.com/techatikin/backend/controller/book.controller.go:80.60,82.16 2 0
github.com/techatikin/backend/controller/book.controller.go:82.16,84.3 1 0
github.com/techatikin/backend/controller/book.controller.go:86.2,87.16 2 0
github.com/techatikin/backend/controller/book.controller.go:87.16,89.3 1 0
github.com/techatikin/backend/controller/book.controller.go:91.2,92.48 2 0
github.com/techatikin/backend/controller/book.controller.go:113.59,127.16 12 0
github.com/techatikin/backend/controller/book.controller.go:127.16,129.3 1 0
github.com/techatikin/backend/controller/book.controller.go:132.2,133.16 2 0
github.com/techatikin/backend/controller/book.controller.go:133.16,134.137 1 0
github.com/techatikin/backend/controller/book.controller.go:134.137,136.4 1 0
github.com/techatikin/backend/controller/book.controller.go:137.3,137.13 1 0
github.com/techatikin/backend/controller/book.controller.go:140.2,142.53 2 0
github.com/techatikin/backend/controller/book.controller.go:164.59,166.16 2 0
github.com/techatikin/backend/controller/book.controller.go:166.16,168.3 1 0
github.com/techatikin/backend/controller/book.controller.go:170.2,175.59 4 0
github.com/techatikin/backend/controller/book.controller.go:175.59,177.51 1 0
github.com/techatikin/backend/controller/book.controller.go:177.51,179.4 1 0
github.com/techatikin/backend/controller/book.controller.go:180.3,180.69 1 0
github.com/techatikin/backend/controller/book.controller.go:180.69,182.4 1 0
github.com/techatikin/backend/controller/book.controller.go:183.3,183.60 1 0
github.com/techatikin/backend/controller/book.controller.go:183.60,185.4 1 0
github.com/techatikin/backend/controller/book.controller.go:186.3,186.60 1 0
github.com/techatikin/backend/controller/book.controller.go:186.60,189.4 2 0
github.com/techatikin/backend/controller/book.controller.go:190.3,190.54 1 0
github.com/techatikin/backend/controller/book.controller.go:190.54,193.4 2 0
github.com/techatikin/backend/controller/book.controller.go:194.3,194.51 1 0
github.com/techatikin/backend/controller/book.controller.go:194.51,197.4 2 0
github.com/techatikin/backend/controller/book.controller.go:198.3,198.59 1 0
github.com/techatikin/backend/controller/book.controller.go:198.59,200.4 1 0
github.com/techatikin/backend/controller/book.controller.go:202.3,203.17 2 0
github.com/techatikin/backend/controller/book.controller.go:203.17,205.4 1 0
github.com/techatikin/backend/controller/book.controller.go:206.8,207.54 1 0
github.com/techatikin/backend/controller/book.controller.go:207.54,209.4 1 0
github.com/techatikin/backend/controller/book.controller.go:212.2,212.29 1 0
github.com/techatikin/backend/controller/book.controller.go:212.29,214.3 1 0
github.com/techatikin/backend/controller/book.controller.go:216.2,216.70 1 0
github.com/techatikin/backend/controller/book.controller.go:216.70,218.3 1 0
github.com/techatikin/backend/controller/book.controller.go:220.2,221.16 2 0
github.com/techatikin/backend/controller/book.controller.go:221.16,223.3 1 0
github.com/techatikin/backend/controller/book.controller.go:225.2,226.48 2 0
github.com/techatikin/backend/controller/book.controller.go:240.59,242.16 2 0
github.com/techatikin/backend/controller/book.controller.go:242.16,244.3 1 0
github.com/techatikin/backend/controller/book.controller.go:246.2,246.49 1 0
github.com/techatikin/backend/controller/book.controller.go:246.49,248.3 1 0
github.com/techatikin/backend/controller/book.controller.go:250.2,252.4 1 0
github.com/techatikin/backend/controller/review.controller.go:24.74,26.2 1 0
github.com/techatikin/backend/controller/review.controller.go:39.64,47.16 3 0
github.com/techatikin/backend/controller/review.controller.go:47.16,49.3 1 0
github.com/techatikin/backend/controller/review.controller.go:51.2,51.82 1 0
github.com/techatikin/backend/controller/review.controller.go:65.64,67.16 2 0
github.com/techatikin/backend/controller/review.controller.go:67.16,69.3 1 0
github.com/techatikin/backend/controller/review.controller.go:71.2,72.16 2 0
github.com/techatikin/backend/controller/review.controller.go:72.16,74.3 1 0
github.com/techatikin/backend/controller/review.controller.go:76.2,76.70 1 0
github.com/techatikin/backend/controller/review.controller.go:93.69,95.16 2 0
github.com/techatikin/backend/controller/review.controller.go:95.16,97.3 1 0
github.com/techatikin/backend/controller/review.controller.go:99.2,106.16 3 0
github.com/techatikin/backend/controller/review.controller.go:106.16,108.3 1 0
github.com/techatikin/backend/controller/review.controller.go:110.2,110.82 1 0
github.com/techatikin/backend/controller/review.controller.go:124.63,126.45 2 0
github.com/techatikin/backend/controller/review.controller.go:126.45,128.3 1 0
github.com/techatikin/backend/controller/review.controller.go:130.2,131.16 2 0
github.com/techatikin/backend/controller/review.controller.go:131.16,133.3 1 0
github.com/techatikin/backend/controller/review.controller.go:135.2,135.75 1 0
github.com/techatikin/backend/controller/review.controller.go:150.63,152.16 2 0
github.com/techatikin/backend/controller/review.controller.go:152.16,154.3 1 0
github.com/techatikin/backend/controller/review.controller.go:156.2,157.45 2 0
github.com/techatikin/backend/controller/review.controller.go:157.45,159.3 1 0
github.com/techatikin/backend/controller/review.controller.go:161.2,162.16 2 0
github.com/techatikin/backend/controller/review.controller.go:162.16,164.3 1 0
github.com/techatikin/backend/controller/review.controller.go:166.2,166.71 1 0
github.com/techatikin/backend/controller/review.controller.go:180.63,182.16 2 0
github.com/techatikin/backend/controller/review.controller.go:182.16,184.3 1 0
github.com/techatikin/backend/controller/review.controller.go:186.2,186.51 1 0
github.com/techatikin/backend/controller/review.controller.go:186.51,188.3 1 0
github.com/techatikin/backend/controller/review.controller.go:190.2,192.4 1 0
github.com/techatikin/backend/controller/seed.controller.go:11.41,13.25 1 0
github.com/techatikin/backend/controller/seed.controller.go:13.25,18.3 2 0
github.com/techatikin/backend/controller/seed.controller.go:21.2,21.54 1 0
github.com/techatikin/backend/controller/seed.controller.go:21.54,26.3 2 0
github.com/techatikin/backend/controller/seed.controller.go:28.2,30.4 1 0
github.com/techatikin/backend/controller/url.controller.go:19.65,21.2 1 0
github.com/techatikin/backend/controller/url.controller.go:34.58,36.45 2 0
github.com/techatikin/backend/controller/url.controller.go:36.45,38.3 1 0
github.com/techatikin/backend/controller/url.controller.go:40.2,41.16 2 0
github.com/techatikin/backend/controller/url.controller.go:41.16,43.3 1 0
github.com/techatikin/backend/controller/url.controller.go:46.2,46.23 1 0
github.com/techatikin/backend/controller/url.controller.go:47.21,48.55 1 0
github.com/techatikin/backend/controller/url.controller.go:49.19,50.53 1 0
github.com/techatikin/backend/controller/url.controller.go:51.13,52.47 1 0
github.com/techatikin/backend/controller/url.controller.go:53.10,54.45 1 0
github.com/techatikin/backend/controller/url.controller.go:58.89,60.16 2 0
github.com/techatikin/backend/controller/url.controller.go:60.16,62.3 1 0
github.com/techatikin/backend/controller/url.controller.go:63.2,63.94 1 0
github.com/techatikin/backend/controller/url.controller.go:66.87,68.16 2 0
github.com/techatikin/backend/controller/url.controller.go:68.16,70.3 1 0
github.com/techatikin/backend/controller/url.controller.go:71.2,71.92 1 0
github.com/techatikin/backend/controller/url.controller.go:74.81,76.16 2 0
github.com/techatikin/backend/controller/url.controller.go:76.16,78.3 1 0
github.com/techatikin/backend/controller/url.controller.go:80.2,81.16 2 0
github.com/techatikin/backend/controller/url.controller.go:81.16,83.3 1 0
github.com/techatikin/backend/controller/url.controller.go:84.2,84.92 1 0
github.com/techatikin/backend/dto/book.dto.go:63.53,78.2 1 0
github.com/techatikin/backend/dto/book.dto.go:80.83,82.29 2 0
github.com/techatikin/backend/dto/book.dto.go:82.29,84.3 1 0
github.com/techatikin/backend/dto/book.dto.go:86.2,89.3 1 0
github.com/techatikin/backend/dto/review.dto.go:41.61,51.2 1 0
github.com/techatikin/backend/dto/review.dto.go:54.91,56.28 2 0
github.com/techatikin/backend/dto/review.dto.go:56.28,58.3 1 0
github.com/techatikin/backend/dto/review.dto.go:60.2,63.3 1 0
github.com/techatikin/backend/docs/docs.go:816.13,818.2 1 0
github.com/techatikin/backend/router/router.go:18.34,27.2 1 0
github.com/techatikin/backend/router/router.go:29.28,39.2 7 0
github.com/techatikin/backend/model/book.model.go:25.54,26.22 1 0
github.com/techatikin/backend/model/book.model.go:26.22,28.3 1 0
github.com/techatikin/backend/model/book.model.go:30.2,30.8 1 0
github.com/techatikin/backend/model/review.model.go:20.56,21.22 1 0
github.com/techatikin/backend/model/review.model.go:21.22,23.3 1 0
github.com/techatikin/backend/model/review.model.go:25.2,25.12 1 0
github.com/techatikin/backend/middleware/errors.go:8.50,9.46 1 0
github.com/techatikin/backend/middleware/errors.go:9.46,14.3 1 0
github.com/techatikin/backend/middleware/errors.go:16.2,16.54 1 0
github.com/techatikin/backend/middleware/errors.go:16.54,20.3 1 0
github.com/techatikin/backend/middleware/errors.go:23.2,26.4 1 0
github.com/techatikin/backend/middleware/limiter.go:9.34,13.42 1 0
github.com/techatikin/backend/middleware/limiter.go:13.42,17.4 1 0
github.com/techatikin/backend/repository/base.repository.go:13.63,15.2 1 0
github.com/techatikin/backend/repository/base.repository.go:17.94,23.24 4 0
github.com/techatikin/backend/repository/base.repository.go:23.24,26.3 1 0
github.com/techatikin/backend/repository/base.repository.go:28.2,28.55 1 0
github.com/techatikin/backend/repository/base.repository.go:28.55,30.3 1 0
github.com/techatikin/backend/repository/base.repository.go:32.2,32.22 1 0
github.com/techatikin/backend/repository/base.repository.go:32.22,34.3 1 0
github.com/techatikin/backend/repository/base.repository.go:35.2,35.24 1 0
github.com/techatikin/backend/repository/base.repository.go:35.24,37.3 1 0
github.com/techatikin/backend/repository/base.repository.go:39.2,39.51 1 0
github.com/techatikin/backend/repository/base.repository.go:39.51,41.3 1 0
github.com/techatikin/backend/repository/base.repository.go:43.2,49.27 2 0
github.com/techatikin/backend/repository/base.repository.go:52.64,54.64 2 0
github.com/techatikin/backend/repository/base.repository.go:54.64,55.36 1 0
github.com/techatikin/backend/repository/base.repository.go:55.36,57.4 1 0
github.com/techatikin/backend/repository/base.repository.go:58.3,58.18 1 0
github.com/techatikin/backend/repository/base.repository.go:60.2,60.21 1 0
github.com/techatikin/backend/repository/base.repository.go:63.59,64.50 1 0
github.com/techatikin/backend/repository/base.repository.go:64.50,66.3 1 0
github.com/techatikin/backend/repository/base.repository.go:67.2,67.20 1 0
github.com/techatikin/backend/repository/base.repository.go:70.94,72.87 2 0
github.com/techatikin/backend/repository/base.repository.go:72.87,74.3 1 0
github.com/techatikin/backend/repository/base.repository.go:75.2,75.64 1 0
github.com/techatikin/backend/repository/base.repository.go:75.64,77.3 1 0
github.com/techatikin/backend/repository/base.repository.go:78.2,78.21 1 0
github.com/techatikin/backend/repository/base.repository.go:81.56,84.2 2 0
github.com/techatikin/backend/repository/book.repository.go:24.41,28.2 1 0
github.com/techatikin/backend/repository/book.repository.go:30.104,36.24 4 0
github.com/techatikin/backend/repository/book.repository.go:36.24,39.3 2 0
github.com/techatikin/backend/repository/book.repository.go:41.2,41.27 1 0
github.com/techatikin/backend/repository/book.repository.go:41.27,43.3 1 0
github.com/techatikin/backend/repository/book.repository.go:45.2,45.32 1 0
github.com/techatikin/backend/repository/book.repository.go:45.32,47.3 1 0
github.com/techatikin/backend/repository/book.repository.go:49.2,49.23 1 0
github.com/techatikin/backend/repository/book.repository.go:49.23,51.3 1 0
github.com/techatikin/backend/repository/book.repository.go:53.2,53.22 1 0
github.com/techatikin/backend/repository/book.repository.go:53.22,55.3 1 0
github.com/techatikin/backend/repository/book.repository.go:57.2,57.21 1 0
github.com/techatikin/backend/repository/book.repository.go:58.15,59.35 1 0
github.com/techatikin/backend/repository/book.repository.go:60.16,61.37 1 0
github.com/techatikin/backend/repository/book.repository.go:62.24,63.41 1 0
github.com/techatikin/backend/repository/book.repository.go:64.26,65.41 1 0
github.com/techatikin/backend/repository/book.repository.go:66.15,67.36 1 0
github.com/techatikin/backend/repository/book.repository.go:68.26,69.47 1 0
github.com/techatikin/backend/repository/book.repository.go:70.10,71.41 1 0
github.com/techatikin/backend/repository/book.repository.go:74.2,74.55 1 0
github.com/techatikin/backend/repository/book.repository.go:74.55,76.3 1 0
github.com/techatikin/backend/repository/book.repository.go:78.2,78.91 1 0
github.com/techatikin/backend/repository/book.repository.go:78.91,80.3 1 0
github.com/techatikin/backend/repository/book.repository.go:82.2,88.25 2 0
github.com/techatikin/backend/repository/book.repository.go:91.103,93.16 2 0
github.com/techatikin/backend/repository/book.repository.go:93.16,95.3 1 0
github.com/techatikin/backend/repository/book.repository.go:96.2,96.17 1 0
github.com/techatikin/backend/repository/book.repository.go:96.17,98.3 1 0
github.com/techatikin/backend/repository/book.repository.go:100.2,102.29 2 0
github.com/techatikin/backend/repository/book.repository.go:102.29,104.3 1 0
github.com/techatikin/backend/repository/book.repository.go:105.2,105.35 1 0
github.com/techatikin/backend/repository/book.repository.go:105.35,107.3 1 0
github.com/techatikin/backend/repository/book.repository.go:108.2,108.32 1 0
github.com/techatikin/backend/repository/book.repository.go:108.32,110.3 1 0
github.com/techatikin/backend/repository/book.repository.go:111.2,111.29 1 0
github.com/techatikin/backend/repository/book.repository.go:111.29,113.3 1 0
github.com/techatikin/backend/repository/book.repository.go:114.2,114.39 1 0
github.com/techatikin/backend/repository/book.repository.go:114.39,116.3 1 0
github.com/techatikin/backend/repository/book.repository.go:117.2,117.30 1 0
github.com/techatikin/backend/repository/book.repository.go:117.30,119.3 1 0
github.com/techatikin/backend/repository/book.repository.go:120.2,120.29 1 0
github.com/techatikin/backend/repository/book.repository.go:120.29,122.3 1 0
github.com/techatikin/backend/repository/book.repository.go:123.2,123.34 1 0
github.com/techatikin/backend/repository/book.repository.go:123.34,125.3 1 0
github.com/techatikin/backend/repository/book.repository.go:127.2,127.23 1 0
github.com/techatikin/backend/repository/book.repository.go:127.23,129.3 1 0
github.com/techatikin/backend/repository/book.repository.go:131.2,131.84 1 0
github.com/techatikin/backend/repository/book.repository.go:131.84,133.3 1 0
github.com/techatikin/backend/repository/book.repository.go:135.2,135.61 1 0
github.com/techatikin/backend/repository/book.repository.go:135.61,137.3 1 0
github.com/techatikin/backend/repository/book.repository.go:139.2,139.18 1 0
github.com/techatikin/backend/repository/review.repository.go:23.45,27.2 1 0
github.com/techatikin/backend/repository/review.repository.go:29.127,35.24 4 0
github.com/techatikin/backend/repository/review.repository.go:35.24,37.3 1 0
github.com/techatikin/backend/repository/review.repository.go:39.2,39.55 1 0
github.com/techatikin/backend/repository/review.repository.go:39.55,41.3 1 0
github.com/techatikin/backend/repository/review.repository.go:43.2,43.22 1 0
github.com/techatikin/backend/repository/review.repository.go:43.22,45.3 1 0
github.com/techatikin/backend/repository/review.repository.go:46.2,46.24 1 0
github.com/techatikin/backend/repository/review.repository.go:46.24,48.3 1 0
github.com/techatikin/backend/repository/review.repository.go:50.2,50.51 1 0
github.com/techatikin/backend/repository/review.repository.go:50.51,52.3 1 0
github.com/techatikin/backend/repository/review.repository.go:54.2,60.27 2 0
github.com/techatikin/backend/repository/s3.repository.go:31.37,33.16 2 0
github.com/techatikin/backend/repository/s3.repository.go:33.16,36.3 2 0
github.com/techatikin/backend/repository/s3.repository.go:38.2,50.16 6 0
github.com/techatikin/backend/repository/s3.repository.go:50.16,52.3 1 0
github.com/techatikin/backend/repository/s3.repository.go:54.2,55.74 2 0
github.com/techatikin/backend/repository/s3.repository.go:58.86,60.16 2 0
github.com/techatikin/backend/repository/s3.repository.go:60.16,62.3 1 0
github.com/techatikin/backend/repository/s3.repository.go:63.2,74.16 5 0
github.com/techatikin/backend/repository/s3.repository.go:74.16,76.3 1 0
github.com/techatikin/backend/repository/s3.repository.go:78.2,79.17 2 0
github.com/techatikin/backend/repository/s3.repository.go:82.54,88.2 2 0
github.com/techatikin/backend/errors/errors.go:20.35,22.2 1 0
github.com/techatikin/backend/errors/errors.go:25.49,31.2 1 0
github.com/techatikin/backend/errors/errors.go:33.51,39.2 1 0
github.com/techatikin/backend/errors/errors.go:41.49,47.2 1 0
github.com/techatikin/backend/errors/errors.go:49.44,55.2 1 0
github.com/techatikin/backend/router/api/book.router.go:15.48,25.2 5 0
github.com/techatikin/backend/router/api/book.router.go:27.46,35.2 6 0
github.com/techatikin/backend/router/api/health.router.go:11.52,15.2 1 0
github.com/techatikin/backend/router/api/health.router.go:17.48,19.2 1 0
github.com/techatikin/backend/router/api/health.router.go:21.64,26.2 1 0
github.com/techatikin/backend/router/api/review.router.go:15.52,24.2 4 0
github.com/techatikin/backend/router/api/review.router.go:26.48,35.2 7 0
github.com/techatikin/backend/router/api/seed.router.go:15.42,17.2 1 0
github.com/techatikin/backend/router/api/seed.router.go:19.58,21.2 1 0
github.com/techatikin/backend/router/api/seed.router.go:23.48,29.2 2 0
github.com/techatikin/backend/router/api/seed.router.go:31.46,35.2 2 0
github.com/techatikin/backend/router/api/url.router.go:15.46,25.2 4 0
github.com/techatikin/backend/router/api/url.router.go:27.45,29.2 1 0
github.com/techatikin/backend/service/book.service.go:28.97,30.2 1 0
github.com/techatikin/backend/service/book.service.go:32.103,34.16 2 0
github.com/techatikin/backend/service/book.service.go:34.16,36.3 1 0
github.com/techatikin/backend/service/book.service.go:38.2,38.21 1 0
github.com/techatikin/backend/service/book.service.go:38.21,44.3 1 0
github.com/techatikin/backend/service/book.service.go:46.2,46.26 1 0
github.com/techatikin/backend/service/book.service.go:49.70,52.16 2 0
github.com/techatikin/backend/service/book.service.go:52.16,54.3 1 0
github.com/techatikin/backend/service/book.service.go:55.2,55.17 1 0
github.com/techatikin/backend/service/book.service.go:55.17,57.3 1 0
github.com/techatikin/backend/service/book.service.go:59.2,59.18 1 0
github.com/techatikin/backend/service/book.service.go:62.118,63.62 1 0
github.com/techatikin/backend/service/book.service.go:63.62,65.3 1 0
github.com/techatikin/backend/service/book.service.go:67.2,68.23 2 0
github.com/techatikin/backend/service/book.service.go:68.23,70.17 2 0
github.com/techatikin/backend/service/book.service.go:70.17,72.4 1 0
github.com/techatikin/backend/service/book.service.go:73.3,73.17 1 0
github.com/techatikin/backend/service/book.service.go:76.2,89.16 3 0
github.com/techatikin/backend/service/book.service.go:89.16,90.21 1 0
github.com/techatikin/backend/service/book.service.go:90.21,92.4 1 0
github.com/techatikin/backend/service/book.service.go:93.3,93.43 1 0
github.com/techatikin/backend/service/book.service.go:96.2,96.22 1 0
github.com/techatikin/backend/service/book.service.go:99.138,101.16 2 0
github.com/techatikin/backend/service/book.service.go:101.16,103.3 1 0
github.com/techatikin/backend/service/book.service.go:104.2,104.25 1 0
github.com/techatikin/backend/service/book.service.go:104.25,106.3 1 0
github.com/techatikin/backend/service/book.service.go:109.2,109.23 1 0
github.com/techatikin/backend/service/book.service.go:109.23,111.17 2 0
github.com/techatikin/backend/service/book.service.go:111.17,113.4 1 0
github.com/techatikin/backend/service/book.service.go:114.3,116.31 2 0
github.com/techatikin/backend/service/book.service.go:116.31,118.4 1 0
github.com/techatikin/backend/service/book.service.go:121.2,122.16 2 0
github.com/techatikin/backend/service/book.service.go:122.16,124.3 1 0
github.com/techatikin/backend/service/book.service.go:126.2,126.22 1 0
github.com/techatikin/backend/service/book.service.go:129.54,131.16 2 0
github.com/techatikin/backend/service/book.service.go:131.16,133.3 1 0
github.com/techatikin/backend/service/book.service.go:135.2,135.25 1 0
github.com/techatikin/backend/service/book.service.go:135.25,137.3 1 0
github.com/techatikin/backend/service/book.service.go:140.2,140.30 1 0
github.com/techatikin/backend/service/book.service.go:140.30,143.3 2 0
github.com/techatikin/backend/service/book.service.go:146.2,146.26 1 0
github.com/techatikin/backend/service/review.service.go:26.71,28.2 1 0
github.com/techatikin/backend/service/review.service.go:30.108,32.16 2 0
github.com/techatikin/backend/service/review.service.go:32.16,34.3 1 0
github.com/techatikin/backend/service/review.service.go:35.2,35.28 1 0
github.com/techatikin/backend/service/review.service.go:38.76,40.16 2 0
github.com/techatikin/backend/service/review.service.go:40.16,42.3 1 0
github.com/techatikin/backend/service/review.service.go:43.2,43.19 1 0
github.com/techatikin/backend/service/review.service.go:43.19,45.3 1 0
github.com/techatikin/backend/service/review.service.go:46.2,46.20 1 0
github.com/techatikin/backend/service/review.service.go:49.91,50.63 1 0
github.com/techatikin/backend/service/review.service.go:50.63,52.3 1 0
github.com/techatikin/backend/service/review.service.go:54.2,62.16 3 0
github.com/techatikin/backend/service/review.service.go:62.16,64.3 1 0
github.com/techatikin/backend/service/review.service.go:65.2,65.22 1 0
github.com/techatikin/backend/service/review.service.go:68.105,70.16 2 0
github.com/techatikin/backend/service/review.service.go:70.16,72.3 1 0
github.com/techatikin/backend/service/review.service.go:73.2,73.21 1 0
github.com/techatikin/backend/service/review.service.go:73.21,75.3 1 0
github.com/techatikin/backend/service/review.service.go:77.2,78.24 2 0
github.com/techatikin/backend/service/review.service.go:78.24,80.3 1 0
github.com/techatikin/backend/service/review.service.go:81.2,81.21 1 0
github.com/techatikin/backend/service/review.service.go:81.21,83.3 1 0
github.com/techatikin/backend/service/review.service.go:84.2,84.22 1 0
github.com/techatikin/backend/service/review.service.go:84.22,86.3 1 0
github.com/techatikin/backend/service/review.service.go:88.2,89.16 2 0
github.com/techatikin/backend/service/review.service.go:89.16,91.3 1 0
github.com/techatikin/backend/service/review.service.go:93.2,93.21 1 0
github.com/techatikin/backend/service/review.service.go:96.58,98.16 2 0
github.com/techatikin/backend/service/review.service.go:98.16,100.3 1 0
github.com/techatikin/backend/service/review.service.go:101.2,101.21 1 0
github.com/techatikin/backend/service/review.service.go:101.21,103.3 1 0
github.com/techatikin/backend/service/review.service.go:105.2,105.26 1 0
github.com/techatikin/backend/service/review.service.go:108.131,109.24 1 0
github.com/techatikin/backend/service/review.service.go:109.24,111.3 1 0
github.com/techatikin/backend/service/review.service.go:113.2,114.16 2 0
github.com/techatikin/backend/service/review.service.go:114.16,116.3 1 0
github.com/techatikin/backend/service/review.service.go:118.2,118.28 1 0
github.com/techatikin/backend/service/url.service.go:20.54,24.2 1 0
github.com/techatikin/backend/service/url.service.go:26.71,27.31 1 0
github.com/techatikin/backend/service/url.service.go:27.31,29.3 1 0
github.com/techatikin/backend/service/url.service.go:31.2,32.16 2 0
github.com/techatikin/backend/service/url.service.go:32.16,34.3 1 0
github.com/techatikin/backend/service/url.service.go:37.2,41.29 4 0
github.com/techatikin/backend/service/url.service.go:44.69,45.31 1 0
github.com/techatikin/backend/service/url.service.go:45.31,47.3 1 0
github.com/techatikin/backend/service/url.service.go:49.2,50.16 2 0
github.com/techatikin/backend/service/url.service.go:50.16,52.3 1 0
github.com/techatikin/backend/service/url.service.go:55.2,60.29 3 0
github.com/techatikin/backend/scripts/seed/main.go:11.13,14.54 2 0
github.com/techatikin/backend/scripts/seed/main.go:14.54,16.3 1 0
github.com/techatikin/backend/scripts/seed/main.go:18.2,18.46 1 0
github.com/techatikin/backend/utils/book.go:26.70,27.25 1 0
github.com/techatikin/backend/utils/book.go:27.25,29.3 1 0
github.com/techatikin/backend/utils/book.go:30.2,30.30 1 0
github.com/techatikin/backend/utils/book.go:30.30,32.3 1 0
github.com/techatikin/backend/utils/book.go:33.2,33.28 1 0
github.com/techatikin/backend/utils/book.go:33.28,35.3 1 0
github.com/techatikin/backend/utils/book.go:36.2,36.61 1 0
github.com/techatikin/backend/utils/book.go:36.61,38.3 1 0
github.com/techatikin/backend/utils/book.go:39.2,40.77 2 0
github.com/techatikin/backend/utils/book.go:40.77,42.3 1 0
github.com/techatikin/backend/utils/book.go:43.2,43.46 1 0
github.com/techatikin/backend/utils/book.go:43.46,45.3 1 0
github.com/techatikin/backend/utils/book.go:46.2,46.24 1 0
github.com/techatikin/backend/utils/book.go:46.24,48.3 1 0
github.com/techatikin/backend/utils/book.go:49.2,49.24 1 0
github.com/techatikin/backend/utils/book.go:49.24,51.3 1 0
github.com/techatikin/backend/utils/book.go:52.2,52.12 1 0
github.com/techatikin/backend/utils/book.go:55.70,58.50 2 0
github.com/techatikin/backend/utils/book.go:58.50,60.3 1 0
github.com/techatikin/backend/utils/book.go:61.2,61.60 1 0
github.com/techatikin/backend/utils/book.go:61.60,63.3 1 0
github.com/techatikin/backend/utils/book.go:64.2,64.56 1 0
github.com/techatikin/backend/utils/book.go:64.56,66.63 1 0
github.com/techatikin/backend/utils/book.go:66.63,68.4 1 0
github.com/techatikin/backend/utils/book.go:70.2,70.36 1 0
github.com/techatikin/backend/utils/book.go:70.36,71.80 1 0
github.com/techatikin/backend/utils/book.go:71.80,73.4 1 0
github.com/techatikin/backend/utils/book.go:75.2,75.27 1 0
github.com/techatikin/backend/utils/book.go:75.27,76.49 1 0
github.com/techatikin/backend/utils/book.go:76.49,78.4 1 0
github.com/techatikin/backend/utils/book.go:80.2,80.49 1 0
github.com/techatikin/backend/utils/book.go:80.49,82.3 1 0
github.com/techatikin/backend/utils/book.go:84.2,84.12 1 0
github.com/techatikin/backend/utils/book.go:87.54,90.2 2 0
github.com/techatikin/backend/utils/review.go:11.74,12.32 1 0
github.com/techatikin/backend/utils/review.go:12.32,14.3 1 0
github.com/techatikin/backend/utils/review.go:15.2,15.24 1 0
github.com/techatikin/backend/utils/review.go:15.24,17.3 1 0
github.com/techatikin/backend/utils/review.go:18.2,18.25 1 0
github.com/techatikin/backend/utils/review.go:18.25,20.3 1 0
github.com/techatikin/backend/utils/review.go:21.2,21.60 1 0
github.com/techatikin/backend/utils/review.go:21.60,23.3 1 0
github.com/techatikin/backend/utils/review.go:24.2,24.27 1 0
github.com/techatikin/backend/utils/review.go:24.27,26.3 1 0
github.com/techatikin/backend/utils/review.go:27.2,27.12 1 0
github.com/techatikin/backend/utils/review.go:30.74,31.48 1 0
github.com/techatikin/backend/utils/review.go:31.48,33.3 1 0
github.com/techatikin/backend/utils/review.go:34.2,34.26 1 0
github.com/techatikin/backend/utils/review.go:34.26,35.27 1 0
github.com/techatikin/backend/utils/review.go:35.27,37.4 1 0
github.com/techatikin/backend/utils/review.go:38.3,38.62 1 0
github.com/techatikin/backend/utils/review.go:38.62,40.4 1 0
github.com/techatikin/backend/utils/review.go:42.2,42.54 1 0
github.com/techatikin/backend/utils/review.go:42.54,44.3 1 0
github.com/techatikin/backend/utils/review.go:45.2,45.12 1 0
github.com/techatikin/backend/utils/seed.go:15.35,17.68 2 0
github.com/techatikin/backend/utils/seed.go:17.68,19.3 1 0
github.com/techatikin/backend/utils/seed.go:21.2,21.15 1 0
github.com/techatikin/backend/utils/seed.go:21.15,25.3 2 0
github.com/techatikin/backend/utils/seed.go:28.2,29.16 2 0
github.com/techatikin/backend/utils/seed.go:29.16,31.3 1 0
github.com/techatikin/backend/utils/seed.go:33.2,34.53 2 0
github.com/techatikin/backend/utils/seed.go:34.53,37.3 2 0
github.com/techatikin/backend/utils/seed.go:39.2,40.23 2 0
github.com/techatikin/backend/utils/seed.go:40.23,42.30 1 0
github.com/techatikin/backend/utils/seed.go:42.30,44.4 1 0
github.com/techatikin/backend/utils/seed.go:46.3,47.27 2 0
github.com/techatikin/backend/utils/seed.go:51.2,51.48 1 0
github.com/techatikin/backend/utils/seed.go:51.48,53.3 1 0
github.com/techatikin/backend/utils/seed.go:55.2,56.12 2 0
github.com/techatikin/backend/utils/shared.go:11.49,12.45 1 0
github.com/techatikin/backend/utils/shared.go:12.45,14.3 1 0
github.com/techatikin/backend/utils/shared.go:15.2,15.21 1 0
github.com/techatikin/backend/utils/shared.go:18.59,19.55 1 0
github.com/techatikin/backend/utils/shared.go:19.55,21.3 1 0
github.com/techatikin/backend/utils/shared.go:22.2,22.21 1 0
github.com/techatikin/backend/utils/shared.go:25.70,27.17 2 0
github.com/techatikin/backend/utils/shared.go:27.17,29.3 1 0
github.com/techatikin/backend/utils/shared.go:31.2,32.16 2 0
github.com/techatikin/backend/utils/shared.go:32.16,34.3 1 0
github.com/techatikin/backend/utils/shared.go:35.2,35.16 1 0
github.com/techatikin/backend/utils/test.go:12.66,23.20 6 0
github.com/techatikin/backend/utils/test.go:23.20,23.37 1 0
github.com/techatikin/backend/utils/test.go:24.2,24.27 1 0
github.com/techatikin/backend/utils/url.go:16.34,20.2 3 0
github.com/techatikin/backend/utils/url.go:22.70,23.30 1 0
github.com/techatikin/backend/utils/url.go:23.30,25.3 1 0
github.com/techatikin/backend/utils/url.go:27.2,27.62 1 0
github.com/techatikin/backend/utils/url.go:27.62,29.3 1 0
github.com/techatikin/backend/utils/url.go:30.2,30.12 1 0
